<?xml version="1.0" encoding="UTF-8"?>
<!-- Generated by org.testng.reporters.JUnitReportReporter -->
<testsuite hostname="DESKTOP-JCA15D5" failures="0" tests="1" name="TestCases.loginpage" time="6.544" errors="0" timestamp="2023-01-02T10:19:57 IST" skipped="0">
  <testcase classname="TestCases.loginpage" name="loginpage1" time="6.544"/>
  <system-out/>
</testsuite> <!-- TestCases.loginpage -->
