<?xml version="1.0" encoding="UTF-8"?>
<!-- Generated by org.testng.reporters.JUnitReportReporter -->
<testsuite hostname="DESKTOP-JCA15D5" failures="0" tests="1" name="TestCases.excelpratice" time="5.106" errors="0" timestamp="2023-01-09T18:55:07 IST" skipped="0">
  <testcase classname="TestCases.excelpratice" name="creatingxl" time="5.106"/>
  <system-out/>
</testsuite> <!-- TestCases.excelpratice -->
