<?xml version="1.0" encoding="UTF-8"?>
<!-- Generated by org.testng.reporters.JUnitReportReporter -->
<testsuite hostname="DESKTOP-JCA15D5" failures="0" tests="1" name="TestCases.dummitestcasesc" time="30.892" errors="0" timestamp="2023-01-05T18:37:52 IST" skipped="0">
  <testcase classname="TestCases.dummitestcasesc" name="onTestFailure" time="30.892"/>
  <system-out/>
</testsuite> <!-- TestCases.dummitestcasesc -->
