<?xml version="1.0" encoding="UTF-8"?>
<!-- Generated by org.testng.reporters.JUnitReportReporter -->
<testsuite hostname="DESKTOP-JCA15D5" failures="0" tests="1" name="TestCases.banner_flow" time="18.543" errors="0" timestamp="2023-01-06T11:44:32 IST" skipped="0">
  <testcase classname="TestCases.banner_flow" name="banner_flow" time="18.543"/>
  <system-out/>
</testsuite> <!-- TestCases.banner_flow -->
