<?xml version="1.0" encoding="UTF-8"?>
<!-- Generated by org.testng.reporters.JUnitReportReporter -->
<testsuite hostname="DESKTOP-JCA15D5" failures="0" tests="1" name="TestCases.keepintouchfb_twit" time="19.147" errors="0" timestamp="2023-01-05T15:19:47 IST" skipped="0">
  <testcase classname="TestCases.keepintouchfb_twit" name="fblinks" time="19.147"/>
  <system-out/>
</testsuite> <!-- TestCases.keepintouchfb_twit -->
