<?xml version="1.0" encoding="UTF-8"?>
<!-- Generated by org.testng.reporters.JUnitReportReporter -->
<testsuite hostname="DESKTOP-JCA15D5" failures="0" tests="1" name="TestCases.edit_profile" time="49.527" errors="0" timestamp="2023-01-02T10:22:00 IST" skipped="0">
  <testcase classname="TestCases.edit_profile" name="editpf" time="49.527"/>
  <system-out/>
</testsuite> <!-- TestCases.edit_profile -->
