<?xml version="1.0" encoding="UTF-8"?>
<!-- Generated by org.testng.reporters.JUnitReportReporter -->
<testsuite hostname="DESKTOP-JCA15D5" failures="0" tests="1" name="appiumday.NewTest" time="15.507" errors="0" timestamp="2022-10-16T12:39:48 IST" skipped="0">
  <testcase classname="appiumday.NewTest" name="setup" time="15.507"/>
  <system-out/>
</testsuite> <!-- appiumday.NewTest -->
