<?xml version="1.0" encoding="UTF-8"?>
<!-- Generated by org.testng.reporters.JUnitReportReporter -->
<testsuite hostname="DESKTOP-JCA15D5" failures="0" tests="1" name="testCases.menuclothing" time="10.567" errors="0" timestamp="2022-12-26T16:40:36 IST" skipped="0">
  <testcase classname="testCases.menuclothing" name="mainmenu" time="10.567"/>
  <system-out/>
</testsuite> <!-- testCases.menuclothing -->
