<?xml version="1.0" encoding="UTF-8"?>
<!-- Generated by org.testng.reporters.JUnitReportReporter -->
<testsuite hostname="DESKTOP-JCA15D5" failures="0" tests="2" name="testcase.firstclass" time="24.495" errors="0" timestamp="2022-12-20T16:17:12 IST" skipped="0">
  <testcase classname="testcase.firstclass" name="editprofile" time="0.019"/>
  <system-out/>
  <testcase classname="testcase.firstclass" name="loginTest" time="24.476"/>
  <system-out/>
</testsuite> <!-- testcase.firstclass -->
