<?xml version="1.0" encoding="UTF-8"?>
<!-- Generated by org.testng.reporters.JUnitReportReporter -->
<testsuite hostname="DESKTOP-JCA15D5" failures="0" tests="1" name="testcase.createaccount" time="4.061" errors="0" timestamp="2022-12-21T13:11:37 IST" skipped="0">
  <testcase classname="testcase.createaccount" name="create_account" time="4.061"/>
  <system-out/>
</testsuite> <!-- testcase.createaccount -->
