<?xml version="1.0" encoding="UTF-8"?>
<!-- Generated by org.testng.reporters.JUnitReportReporter -->
<testsuite hostname="DESKTOP-JCA15D5" failures="0" tests="1" name="testcase.editprofile" time="23.657" errors="0" timestamp="2022-12-21T15:42:43 IST" skipped="0">
  <testcase classname="testcase.editprofile" name="edprofile" time="23.657"/>
  <system-out/>
</testsuite> <!-- testcase.editprofile -->
