<?xml version="1.0" encoding="UTF-8"?>
<!-- Generated by org.testng.reporters.JUnitReportReporter -->
<testsuite hostname="DESKTOP-JCA15D5" failures="0" tests="1" name="testcase.profileorders" time="19.454" errors="0" timestamp="2022-12-21T16:07:13 IST" skipped="0">
  <testcase classname="testcase.profileorders" name="orders" time="19.454"/>
  <system-out/>
</testsuite> <!-- testcase.profileorders -->
