<?xml version="1.0" encoding="UTF-8"?>
<!-- Generated by org.testng.reporters.JUnitReportReporter -->
<testsuite hostname="DESKTOP-JCA15D5" failures="0" tests="1" name="pageObjects.createaccount" time="5.158" errors="0" timestamp="2022-12-25T18:14:25 IST" skipped="0">
  <testcase classname="pageObjects.createaccount" name="create_account" time="5.158"/>
  <system-out/>
</testsuite> <!-- pageObjects.createaccount -->
