<?xml version="1.0" encoding="UTF-8"?>
<!-- Generated by org.testng.reporters.JUnitReportReporter -->
<testsuite hostname="DESKTOP-JCA15D5" failures="0" tests="1" name="testCases.firstclass" time="12.931" errors="0" timestamp="2022-12-26T11:25:06 IST" skipped="0">
  <testcase classname="testCases.firstclass" name="loginTest" time="12.931"/>
  <system-out/>
</testsuite> <!-- testCases.firstclass -->
